<?xml version="1.0" encoding="UTF-8"?>
<!-- Generated by org.testng.reporters.JUnitXMLReporter -->
<testsuite ignored="0" hostname="LAPTOP-2U3258KH" failures="0" tests="3" name="Default test" time="0.058" errors="0" timestamp="2024-10-10T15:38:49 IST">
  <testcase classname="com.parallel.Parallel_Testing_Luma" name="@BeforeSuite openApploication" time="-1.728554929184E9">
    <failure type="org.testng.TestNGException" message="
Parameter &amp;apos;browser&amp;apos; is required by BeforeSuite on method openApploication but has not been marked @Optional or defined
in C:\Users\shaik\AppData\Local\Temp\testng-eclipse-1419575486\testng-customsuite.xml">
      <![CDATA[org.testng.TestNGException: 
Parameter 'browser' is required by BeforeSuite on method openApploication but has not been marked @Optional or defined
in C:\Users\shaik\AppData\Local\Temp\testng-eclipse-1419575486\testng-customsuite.xml
at org.testng.internal.Parameters.createParams(Parameters.java:264)
at org.testng.internal.Parameters.createParametersForMethod(Parameters.java:352)
at org.testng.internal.Parameters.createParameters(Parameters.java:690)
at org.testng.internal.Parameters.createConfigurationParameters(Parameters.java:163)
at org.testng.internal.invokers.ConfigInvoker.invokeConfigurations(ConfigInvoker.java:313)
at org.testng.SuiteRunner.privateRun(SuiteRunner.java:358)
at org.testng.SuiteRunner.run(SuiteRunner.java:312)
at org.testng.SuiteRunnerWorker.runSuite(SuiteRunnerWorker.java:52)
at org.testng.SuiteRunnerWorker.run(SuiteRunnerWorker.java:95)
at org.testng.TestNG.runSuitesSequentially(TestNG.java:1274)
at org.testng.TestNG.runSuitesLocally(TestNG.java:1208)
at org.testng.TestNG.runSuites(TestNG.java:1112)
at org.testng.TestNG.run(TestNG.java:1079)
at org.testng.remote.AbstractRemoteTestNG.run(AbstractRemoteTestNG.java:115)
at org.testng.remote.RemoteTestNG.initAndRun(RemoteTestNG.java:293)
at org.testng.remote.RemoteTestNG.main(RemoteTestNG.java:91)
]]>
    </failure>
  </testcase> <!-- @BeforeSuite openApploication -->
  <testcase classname="com.parallel.Parallel_Testing_Luma" name="loginFunctionality" time="0.0">
    <skipped/>
  </testcase> <!-- loginFunctionality -->
  <testcase classname="com.parallel.Parallel_Testing_Luma" name="logutFunctionality" time="0.0">
    <skipped/>
  </testcase> <!-- logutFunctionality -->
  <testcase classname="com.parallel.Parallel_Testing_Luma" name="reloginFunctinality" time="0.0">
    <skipped/>
  </testcase> <!-- reloginFunctinality -->
</testsuite> <!-- Default test -->
